2025-01-11 17:49:57.464938 - Action: Inscription | Utilisateur: alberic | Details: vous vous etes inscrit.
2025-01-11 17:50:35.223806 - Action: Connexion | Utilisateur: alberic | Details: vous vous êtes connecte.
2025-01-11 17:51:56.285549 - Action: Ajout de fichier | Utilisateur: alberic | Details: Fichier C:\Users\Master\projet_GS15\projet_coffre_fort\alo.txt ajouté.
2025-01-11 17:54:15.663108 - Action: Ajout de fichier | Utilisateur: alberic | Details: Fichier C:\Users\Master\projet_GS15\projet_coffre_fort\Aldi.txt ajouté.
2025-01-11 17:54:15.686573 - Action: Ajout de fichier | Utilisateur: alberic | Details: Fichier C:\Users\Master\projet_GS15\projet_coffre_fort\Aldi.txt ajouté.
2025-01-11 18:03:29.630378 - Action: Connexion | Utilisateur: alberic | Details: vous vous êtes connecte.
2025-01-11 18:32:55.893829 - Action: Connexion | Utilisateur: alberic | Details: vous vous êtes connecte.
2025-01-11 18:36:16.238120 - Action: Connexion echouee | Utilisateur: alberic | Details: Mots de passe incorrect
2025-01-11 18:37:31.780462 - Action: Connexion | Utilisateur: alberic | Details: vous vous êtes connecte.
2025-01-12 01:51:03.812038 - Action: Connexion | Utilisateur: alberic | Details: vous vous êtes connecte.
2025-01-12 03:18:22.169498 - Action: Connexion | Utilisateur: alberic | Details: vous vous êtes connecte.
2025-01-12 04:02:12.400939 - Action: Connexion | Utilisateur: alberic | Details: vous vous êtes connecte.
2025-01-12 04:04:40.541564 - Action: Connexion | Utilisateur: alberic | Details: vous vous êtes connecte.
2025-01-12 04:10:18.781789 - Action: Connexion | Utilisateur: alberic | Details: vous vous êtes connecte.
2025-01-12 04:14:08.456494 - Action: Connexion | Utilisateur: alberic | Details: vous vous êtes connecte.
2025-01-12 04:15:11.280069 - Action: Connexion | Utilisateur: alberic | Details: vous vous êtes connecte.
2025-01-12 04:32:28.532838 - Action: Connexion | Utilisateur: alberic | Details: vous vous êtes connecte.
2025-01-12 04:36:33.744003 - Action: Connexion | Utilisateur: alberic | Details: vous vous êtes connecte.
2025-01-12 04:43:01.965172 - Action: Connexion | Utilisateur: alberic | Details: vous vous êtes connecte.
2025-01-12 04:48:03.207179 - Action: Connexion | Utilisateur: alberic | Details: vous vous êtes connecte.
2025-01-12 04:50:59.300325 - Action: Connexion | Utilisateur: alberic | Details: vous vous êtes connecte.
2025-01-12 04:52:30.915641 - Action: Connexion | Utilisateur: alberic | Details: vous vous êtes connecte.
2025-01-12 04:59:09.737129 - Action: Connexion | Utilisateur: alberic | Details: vous vous êtes connecte.
2025-01-12 05:00:43.013527 - Action: Connexion | Utilisateur: alberic | Details: vous vous êtes connecte.
2025-01-12 05:07:28.952142 - Action: Connexion | Utilisateur: alberic | Details: vous vous êtes connecte.
